<?xml version="1.0" encoding="UTF-8"?>
<testsuite name="CotFunctionIntegrationTest" tests="6" skipped="0" failures="0" errors="0" timestamp="2021-04-21T18:57:55" hostname="DESKTOP-BIQATCG" time="0.023">
  <properties/>
  <testcase name="test exceptions()" classname="CotFunctionIntegrationTest" time="0.017"/>
  <testcase name="test third part()" classname="CotFunctionIntegrationTest" time="0.001"/>
  <testcase name="test first part()" classname="CotFunctionIntegrationTest" time="0.0"/>
  <testcase name="test fourth part()" classname="CotFunctionIntegrationTest" time="0.0"/>
  <testcase name="test extra point()" classname="CotFunctionIntegrationTest" time="0.0"/>
  <testcase name="test second part()" classname="CotFunctionIntegrationTest" time="0.001"/>
  <system-out><![CDATA[]]></system-out>
  <system-err><![CDATA[]]></system-err>
</testsuite>
