<?xml version="1.0" encoding="UTF-8"?>
<testsuite name="FullIntegrationTest" tests="1" skipped="0" failures="0" errors="0" timestamp="2021-04-21T18:57:55" hostname="DESKTOP-BIQATCG" time="0.003">
  <properties/>
  <testcase name="system test()" classname="FullIntegrationTest" time="0.003"/>
  <system-out><![CDATA[]]></system-out>
  <system-err><![CDATA[]]></system-err>
</testsuite>
