<?xml version="1.0" encoding="UTF-8"?>
<testsuite name="CosFunctionIntegrationTest" tests="5" skipped="0" failures="0" errors="0" timestamp="2021-04-20T18:00:46" hostname="DESKTOP-BIQATCG" time="0.006">
  <properties/>
  <testcase name="test third part()" classname="CosFunctionIntegrationTest" time="0.001"/>
  <testcase name="test first part()" classname="CosFunctionIntegrationTest" time="0.001"/>
  <testcase name="test fourth part()" classname="CosFunctionIntegrationTest" time="0.0"/>
  <testcase name="test second part()" classname="CosFunctionIntegrationTest" time="0.0"/>
  <testcase name="extra points()" classname="CosFunctionIntegrationTest" time="0.001"/>
  <system-out><![CDATA[]]></system-out>
  <system-err><![CDATA[]]></system-err>
</testsuite>
