<?xml version="1.0" encoding="UTF-8"?>
<testsuite name="Log10FunctionIntegrationTest" tests="9" skipped="0" failures="0" errors="0" timestamp="2021-04-21T18:57:55" hostname="DESKTOP-BIQATCG" time="0.019">
  <properties/>
  <testcase name="log exception test()" classname="Log10FunctionIntegrationTest" time="0.001"/>
  <testcase name="[1] 0.2" classname="Log10FunctionIntegrationTest" time="0.002"/>
  <testcase name="[2] 0.4" classname="Log10FunctionIntegrationTest" time="0.001"/>
  <testcase name="[3] 1.8" classname="Log10FunctionIntegrationTest" time="0.0"/>
  <testcase name="[4] 2.0" classname="Log10FunctionIntegrationTest" time="0.001"/>
  <testcase name="[5] 2.9" classname="Log10FunctionIntegrationTest" time="0.001"/>
  <testcase name="[6] 3.9" classname="Log10FunctionIntegrationTest" time="0.001"/>
  <testcase name="[7] 8.0" classname="Log10FunctionIntegrationTest" time="0.0"/>
  <testcase name="[8] 10.0" classname="Log10FunctionIntegrationTest" time="0.001"/>
  <system-out><![CDATA[]]></system-out>
  <system-err><![CDATA[]]></system-err>
</testsuite>
